<?xml version="1.0" encoding="UTF-8"?>
<!-- Generated by org.testng.reporters.JUnitXMLReporter -->
<testsuite ignored="12" hostname="Arun" failures="0" tests="7" name="Test" time="109.201" errors="0" timestamp="2025-04-18T15:16:48 IST">
  <testcase classname="test.TC_001_SignupTest" name="signupTest" time="2.856"/>
  <testcase classname="test.TC_002_LoginTest" name="loginButton" time="4.062"/>
  <testcase classname="test.TC_003_ProductCategoriesDisplayTest" name="HomepageDislay" time="4.527"/>
  <testcase classname="test.TC_004_ProductCartTest" name="HomepageDislay" time="15.064"/>
  <testcase classname="test.TC_005_CartTest" name="CartTest" time="40.112"/>
  <testcase classname="test.TC_006_PurchaseFunctionTest" name="PurchaseTest" time="9.585"/>
  <testcase classname="test.TC_007_LogoutTest" name="LogoutTest" time="5.356"/>
  <testcase classname="base.ProjectSepecificationMethods" name="@AfterSuite closeReport" time="0.0">
    <ignored/>
  </testcase> <!-- @AfterSuite closeReport -->
  <testcase classname="base.ProjectSepecificationMethods" name="@BeforeSuite reportInitialization" time="0.0">
    <ignored/>
  </testcase> <!-- @BeforeSuite reportInitialization -->
  <testcase classname="base.ProjectSepecificationMethods" name="@AfterSuite closeReport" time="0.0">
    <ignored/>
  </testcase> <!-- @AfterSuite closeReport -->
  <testcase classname="base.ProjectSepecificationMethods" name="@AfterSuite closeReport" time="0.0">
    <ignored/>
  </testcase> <!-- @AfterSuite closeReport -->
  <testcase classname="base.ProjectSepecificationMethods" name="@BeforeSuite reportInitialization" time="0.0">
    <ignored/>
  </testcase> <!-- @BeforeSuite reportInitialization -->
  <testcase classname="base.ProjectSepecificationMethods" name="@AfterSuite closeReport" time="0.0">
    <ignored/>
  </testcase> <!-- @AfterSuite closeReport -->
  <testcase classname="base.ProjectSepecificationMethods" name="@AfterSuite closeReport" time="0.0">
    <ignored/>
  </testcase> <!-- @AfterSuite closeReport -->
  <testcase classname="base.ProjectSepecificationMethods" name="@BeforeSuite reportInitialization" time="0.0">
    <ignored/>
  </testcase> <!-- @BeforeSuite reportInitialization -->
  <testcase classname="base.ProjectSepecificationMethods" name="@BeforeSuite reportInitialization" time="0.0">
    <ignored/>
  </testcase> <!-- @BeforeSuite reportInitialization -->
  <testcase classname="base.ProjectSepecificationMethods" name="@AfterSuite closeReport" time="0.0">
    <ignored/>
  </testcase> <!-- @AfterSuite closeReport -->
  <testcase classname="base.ProjectSepecificationMethods" name="@BeforeSuite reportInitialization" time="0.0">
    <ignored/>
  </testcase> <!-- @BeforeSuite reportInitialization -->
  <testcase classname="base.ProjectSepecificationMethods" name="@BeforeSuite reportInitialization" time="0.0">
    <ignored/>
  </testcase> <!-- @BeforeSuite reportInitialization -->
</testsuite> <!-- Test -->
