<?xml version="1.0" encoding="UTF-8"?>
<testng-results ignored="0" total="1" passed="1" failed="0" skipped="0">
  <reporter-output>
  </reporter-output>
  <suite started-at="2025-04-18T12:59:31 IST" name="Suite" finished-at="2025-04-18T13:00:03 IST" duration-ms="32514">
    <groups>
    </groups>
    <test started-at="2025-04-18T12:59:31 IST" name="Test" finished-at="2025-04-18T13:00:03 IST" duration-ms="32514">
      <class name="test.TC_005_CartTest">
        <test-method is-config="true" signature="reportInitialization()[pri:0, instance:test.TC_005_CartTest@49e5f737]" started-at="2025-04-18T12:59:31 IST" name="reportInitialization" finished-at="2025-04-18T12:59:31 IST" duration-ms="217" status="PASS">
          <reporter-output>
          </reporter-output>
        </test-method> <!-- reportInitialization -->
        <test-method is-config="true" signature="setup()[pri:0, instance:test.TC_005_CartTest@49e5f737]" started-at="2025-04-18T12:59:31 IST" name="setup" finished-at="2025-04-18T12:59:31 IST" duration-ms="1" status="PASS">
          <reporter-output>
          </reporter-output>
        </test-method> <!-- setup -->
        <test-method is-config="true" signature="testDetails()[pri:0, instance:test.TC_005_CartTest@49e5f737]" started-at="2025-04-18T12:59:31 IST" name="testDetails" finished-at="2025-04-18T12:59:31 IST" duration-ms="5" status="PASS">
          <reporter-output>
          </reporter-output>
        </test-method> <!-- testDetails -->
        <test-method is-config="true" signature="launchBrowser(java.lang.String)[pri:0, instance:test.TC_005_CartTest@49e5f737]" started-at="2025-04-18T12:59:31 IST" name="launchBrowser" finished-at="2025-04-18T12:59:35 IST" duration-ms="4447" status="PASS">
          <params>
            <param index="0">
              <value>
                <![CDATA[https://www.demoblaze.com/]]>
              </value>
            </param>
          </params>
          <reporter-output>
          </reporter-output>
        </test-method> <!-- launchBrowser -->
        <test-method signature="CartTest()[pri:0, instance:test.TC_005_CartTest@49e5f737]" started-at="2025-04-18T12:59:35 IST" name="CartTest" finished-at="2025-04-18T13:00:03 IST" duration-ms="27801" status="PASS">
          <reporter-output>
          </reporter-output>
        </test-method> <!-- CartTest -->
        <test-method is-config="true" signature="closeBrowser()[pri:0, instance:test.TC_005_CartTest@49e5f737]" started-at="2025-04-18T13:00:03 IST" name="closeBrowser" finished-at="2025-04-18T13:00:03 IST" duration-ms="203" status="PASS">
          <reporter-output>
          </reporter-output>
        </test-method> <!-- closeBrowser -->
        <test-method is-config="true" signature="closeReport()[pri:0, instance:test.TC_005_CartTest@49e5f737]" started-at="2025-04-18T13:00:04 IST" name="closeReport" finished-at="2025-04-18T13:00:04 IST" duration-ms="428" status="PASS">
          <reporter-output>
          </reporter-output>
        </test-method> <!-- closeReport -->
      </class> <!-- test.TC_005_CartTest -->
    </test> <!-- Test -->
  </suite> <!-- Suite -->
</testng-results>
